#
# A fatal error has been detected by the Java Runtime Environment:
#
#  EXCEPTION_ACCESS_VIOLATION (0xc0000005) at pc=0x50720c10, pid=4468, tid=11788
#
# JRE version: 7.0_10-b18
# Java VM: Java HotSpot(TM) Client VM (23.6-b04 mixed mode windows-x86 )
# Problematic frame:
# V  [jvm.dll+0x20c10]
#
# Failed to write core dump. Minidumps are not enabled by default on client versions of Windows
#
# If you would like to submit a bug report, please visit:
#   http://bugreport.sun.com/bugreport/crash.jsp
#

---------------  T H R E A D  ---------------

Current thread (0x00ced800):  JavaThread "JDWP Transport Listener: dt_socket" daemon [_thread_in_vm, id=11788, stack(0x00f90000,0x00fe0000)]

siginfo: ExceptionCode=0xc0000005, reading address 0x00000008

Registers:
EAX=0x03d0e800, EBX=0x03d0e800, ECX=0x00000000, EDX=0x00000000
ESP=0x00fdf6f0, EBP=0x00fdf6f4, ESI=0x00000000, EDI=0x00ced800
EIP=0x50720c10, EFLAGS=0x00010246

Top of Stack: (sp=0x00fdf6f0)
0x00fdf6f0:   00ced928 00fdf71c 507a64d3 03d0e800
0x00fdf700:   00ced928 6b83e174 6b83e15c 00ced800
0x00fdf710:   00000000 00ced928 00fdf7e0 6b83e99c
0x00fdf720:   6b8263b2 00ced928 18c8c350 00000000
0x00fdf730:   00fdf754 00fdf7e0 18d006b0 00fdf790
0x00fdf740:   18c8c350 00fdf760 6b82bd12 00fdf760
0x00fdf750:   00fdf794 6b83e890 64ca5004 6b842c68
0x00fdf760:   18ca35b8 0000000b 00000000 00000013 

Instructions: (pc=0x50720c10)
0x50720bf0:   8b 0d 38 0d a0 50 85 c9 7e 05 8b 0c 01 eb 02 33
0x50720c00:   c9 8b 15 3c 0d a0 50 85 d2 7e 05 8b 04 02 eb 03
0x50720c10:   8b 46 08 85 c0 75 0f 33 c9 50 51 e8 f0 cb 14 00
0x50720c20:   83 c4 08 5e 5d c3 8d 4c 4e 0c 50 51 e8 df cb 14 


Register to memory mapping:

EAX=
[error occurred during error reporting (printing register info), id 0xc0000005]

Stack: [0x00f90000,0x00fe0000],  sp=0x00fdf6f0,  free space=317k
Native frames: (J=compiled Java code, j=interpreted, Vv=VM code, C=native code)
V  [jvm.dll+0x20c10]
V  [jvm.dll+0xa64d3]


---------------  P R O C E S S  ---------------

Java Threads: ( => current thread )
  0x18d00c00 JavaThread "TimerQueue" daemon [_thread_blocked, id=11860, stack(0x19000000,0x19050000)]
  0x00a9b000 JavaThread "DestroyJavaVM" [_thread_blocked, id=11024, stack(0x00650000,0x006a0000)]
  0x00e88c00 JavaThread "AWT-EventQueue-0" [_thread_blocked, id=11812, stack(0x18b30000,0x18b80000)]
  0x00dd2000 JavaThread "AWT-Windows" daemon [_thread_in_native, id=11820, stack(0x186f0000,0x18740000)]
  0x00db6c00 JavaThread "AWT-Shutdown" [_thread_blocked, id=11804, stack(0x186a0000,0x186f0000)]
  0x00db5800 JavaThread "Java2D Disposer" daemon [_thread_blocked, id=8728, stack(0x18650000,0x186a0000)]
  0x00d06000 JavaThread "Service Thread" daemon [_thread_blocked, id=11832, stack(0x18070000,0x180c0000)]
  0x00cfd400 JavaThread "C1 CompilerThread0" daemon [_thread_blocked, id=11816, stack(0x18020000,0x18070000)]
  0x00cf2400 JavaThread "JDWP Command Reader" daemon [_thread_in_native, id=11792, stack(0x17f80000,0x17fd0000)]
  0x00cef400 JavaThread "JDWP Event Helper Thread" daemon [_thread_blocked, id=11220, stack(0x17f30000,0x17f80000)]
=>0x00ced800 JavaThread "JDWP Transport Listener: dt_socket" daemon [_thread_in_vm, id=11788, stack(0x00f90000,0x00fe0000)]
  0x00cdf400 JavaThread "Attach Listener" daemon [_thread_blocked, id=7600, stack(0x00ef0000,0x00f40000)]
  0x00cdd000 JavaThread "Signal Dispatcher" daemon [_thread_blocked, id=10940, stack(0x00ea0000,0x00ef0000)]
  0x009c3c00 JavaThread "Finalizer" daemon [_thread_blocked, id=10916, stack(0x00c50000,0x00ca0000)]
  0x009bec00 JavaThread "Reference Handler" daemon [_thread_blocked, id=7824, stack(0x00c00000,0x00c50000)]

Other Threads:
  0x009b7400 VMThread [stack: 0x00bb0000,0x00c00000] [id=9400]
  0x00d1c000 WatcherThread [stack: 0x180c0000,0x18110000] [id=11828]

VM state:not at safepoint (normal execution)

VM Mutex/Monitor currently owned by a thread: None

Heap
 def new generation   total 4928K, used 1192K [0x03c50000, 0x041a0000, 0x091a0000)
  eden space 4416K,  17% used [0x03c50000, 0x03d14058, 0x040a0000)
  from space 512K,  79% used [0x040a0000, 0x04106158, 0x04120000)
  to   space 512K,   0% used [0x04120000, 0x04120000, 0x041a0000)
 tenured generation   total 10944K, used 4068K [0x091a0000, 0x09c50000, 0x13c50000)
   the space 10944K,  37% used [0x091a0000, 0x09599248, 0x09599400, 0x09c50000)
 compacting perm gen  total 12288K, used 7338K [0x13c50000, 0x14850000, 0x17c50000)
   the space 12288K,  59% used [0x13c50000, 0x1437aa30, 0x1437ac00, 0x14850000)
No shared spaces configured.

Card table byte_map: [0x00aa0000,0x00b50000] byte_map_base: 0x00a81d80

Polling page: 0x006b0000

Code Cache  [0x01c50000, 0x01d28000, 0x03c50000)
 total_blobs=392 nmethods=185 adapters=150 free_code_cache=31933Kb largest_free_block=32699840

Compilation events (10 events):
Event: 3.845 Thread 0x00cfd400  181             java.util.concurrent.locks.ReentrantLock::lock (8 bytes)
Event: 3.845 Thread 0x00cfd400 nmethod 181 0x01d1fcc8 code [0x01d1fdd0, 0x01d1fe6c]
Event: 3.845 Thread 0x00cfd400  182             java.util.concurrent.locks.ReentrantLock$NonfairSync::lock (25 bytes)
Event: 3.846 Thread 0x00cfd400 nmethod 182 0x01d1fec8 code [0x01d1fff0, 0x01d20160]
Event: 4.654 Thread 0x00cfd400  183             java.awt.Component::getX (5 bytes)
Event: 4.654 Thread 0x00cfd400 nmethod 183 0x01d20408 code [0x01d20500, 0x01d20580]
Event: 4.654 Thread 0x00cfd400  184             java.awt.Component::getY (5 bytes)
Event: 4.654 Thread 0x00cfd400 nmethod 184 0x01d205c8 code [0x01d206c0, 0x01d20740]
Event: 5.255 Thread 0x00cfd400  185             sun.awt.AWTAutoShutdown::isReadyToShutdown (35 bytes)
Event: 5.255 Thread 0x00cfd400 nmethod 185 0x01d20788 code [0x01d20890, 0x01d2097c]

GC Heap History (4 events):
Event: 0.815 GC heap before
{Heap before GC invocations=0 (full 0):
 def new generation   total 4928K, used 1999K [0x03c50000, 0x041a0000, 0x091a0000)
  eden space 4416K,  45% used [0x03c50000, 0x03e43d78, 0x040a0000)
  from space 512K,   0% used [0x040a0000, 0x040a0000, 0x04120000)
  to   space 512K,   0% used [0x04120000, 0x04120000, 0x041a0000)
 tenured generation   total 10944K, used 0K [0x091a0000, 0x09c50000, 0x13c50000)
   the space 10944K,   0% used [0x091a0000, 0x091a0000, 0x091a0200, 0x09c50000)
 compacting perm gen  total 12288K, used 5528K [0x13c50000, 0x14850000, 0x17c50000)
   the space 12288K,  44% used [0x13c50000, 0x141b6270, 0x141b6400, 0x14850000)
No shared spaces configured.
Event: 0.825 GC heap after
Heap after GC invocations=1 (full 0):
 def new generation   total 4928K, used 512K [0x03c50000, 0x041a0000, 0x091a0000)
  eden space 4416K,   0% used [0x03c50000, 0x03c50000, 0x040a0000)
  from space 512K, 100% used [0x04120000, 0x041a0000, 0x041a0000)
  to   space 512K,   0% used [0x040a0000, 0x040a0000, 0x04120000)
 tenured generation   total 10944K, used 428K [0x091a0000, 0x09c50000, 0x13c50000)
   the space 10944K,   3% used [0x091a0000, 0x0920b1d0, 0x0920b200, 0x09c50000)
 compacting perm gen  total 12288K, used 5528K [0x13c50000, 0x14850000, 0x17c50000)
   the space 12288K,  44% used [0x13c50000, 0x141b6270, 0x141b6400, 0x14850000)
No shared spaces configured.
}
Event: 3.702 GC heap before
{Heap before GC invocations=1 (full 0):
 def new generation   total 4928K, used 4928K [0x03c50000, 0x041a0000, 0x091a0000)
  eden space 4416K, 100% used [0x03c50000, 0x040a0000, 0x040a0000)
  from space 512K, 100% used [0x04120000, 0x041a0000, 0x041a0000)
  to   space 512K,   0% used [0x040a0000, 0x040a0000, 0x04120000)
 tenured generation   total 10944K, used 428K [0x091a0000, 0x09c50000, 0x13c50000)
   the space 10944K,   3% used [0x091a0000, 0x0920b1d0, 0x0920b200, 0x09c50000)
 compacting perm gen  total 12288K, used 7147K [0x13c50000, 0x14850000, 0x17c50000)
   the space 12288K,  58% used [0x13c50000, 0x1434ad48, 0x1434ae00, 0x14850000)
No shared spaces configured.
Event: 3.716 GC heap after
Heap after GC invocations=2 (full 0):
 def new generation   total 4928K, used 408K [0x03c50000, 0x041a0000, 0x091a0000)
  eden space 4416K,   0% used [0x03c50000, 0x03c50000, 0x040a0000)
  from space 512K,  79% used [0x040a0000, 0x04106158, 0x04120000)
  to   space 512K,   0% used [0x04120000, 0x04120000, 0x041a0000)
 tenured generation   total 10944K, used 4068K [0x091a0000, 0x09c50000, 0x13c50000)
   the space 10944K,  37% used [0x091a0000, 0x09599248, 0x09599400, 0x09c50000)
 compacting perm gen  total 12288K, used 7147K [0x13c50000, 0x14850000, 0x17c50000)
   the space 12288K,  58% used [0x13c50000, 0x1434ad48, 0x1434ae00, 0x14850000)
No shared spaces configured.
}

Deoptimization events (0 events):
No events

Internal exceptions (10 events):
Event: 3.513 Thread 0x00e88c00 Threw 0x03fd8c18 at C:\jdk7u2_32P\jdk7u10\hotspot\src\share\vm\prims\jvm.cpp:1166
Event: 3.623 Thread 0x00e88c00 Threw 0x040270e8 at C:\jdk7u2_32P\jdk7u10\hotspot\src\share\vm\prims\jvm.cpp:1166
Event: 3.668 Thread 0x00e88c00 Threw 0x04041a28 at C:\jdk7u2_32P\jdk7u10\hotspot\src\share\vm\prims\jvm.cpp:1166
Event: 3.675 Thread 0x00e88c00 Threw 0x04045330 at C:\jdk7u2_32P\jdk7u10\hotspot\src\share\vm\prims\jvm.cpp:1166
Event: 3.741 Thread 0x00e88c00 Threw 0x03c96860 at C:\jdk7u2_32P\jdk7u10\hotspot\src\share\vm\prims\jvm.cpp:1166
Event: 17.084 Thread 0x00e88c00 Threw 0x03cf9f18 at C:\jdk7u2_32P\jdk7u10\hotspot\src\share\vm\prims\jvm.cpp:1166
Event: 17.087 Thread 0x00e88c00 Threw 0x03d077c8 at C:\jdk7u2_32P\jdk7u10\hotspot\src\share\vm\prims\jvm.cpp:1166
Event: 18.825 Thread 0x00e88c00 Threw 0x03d09488 at C:\jdk7u2_32P\jdk7u10\hotspot\src\share\vm\prims\jvm.cpp:1166
Event: 19.935 Thread 0x00e88c00 Threw 0x03d0abf8 at C:\jdk7u2_32P\jdk7u10\hotspot\src\share\vm\prims\jvm.cpp:1166
Event: 21.569 Thread 0x00e88c00 Threw 0x03d0ca40 at C:\jdk7u2_32P\jdk7u10\hotspot\src\share\vm\prims\jvm.cpp:1166

Events (10 events):
Event: 138.896 Executing VM operation: GetOrSetLocal
Event: 138.896 Executing VM operation: GetOrSetLocal done
Event: 138.953 Executing VM operation: EnterInterpOnlyMode
Event: 138.953 Executing VM operation: EnterInterpOnlyMode done
Event: 138.953 Executing VM operation: GetCurrentLocation
Event: 138.953 Executing VM operation: GetCurrentLocation done
Event: 138.953 Executing VM operation: ChangeSingleStep
Event: 138.953 Executing VM operation: ChangeSingleStep done
Event: 138.955 Executing VM operation: ChangeSingleStep
Event: 138.955 Executing VM operation: ChangeSingleStep done


Dynamic libraries:
0x01020000 - 0x0104f000 	C:\Java\jdk1.7.0_10\jre\bin\javaw.exe
0x77bf0000 - 0x77d57000 	C:\Windows\SYSTEM32\ntdll.dll
0x76dd0000 - 0x76ec8000 	C:\Windows\system32\KERNEL32.DLL
0x75280000 - 0x7533d000 	C:\Windows\system32\KERNELBASE.dll
0x71410000 - 0x714b7000 	C:\Windows\system32\apphelp.dll
0x77450000 - 0x774fe000 	C:\Windows\system32\ADVAPI32.dll
0x770f0000 - 0x77211000 	C:\Windows\system32\USER32.dll
0x73c40000 - 0x73e37000 	C:\Windows\WinSxS\x86_microsoft.windows.common-controls_6595b64144ccf1df_6.0.9200.16384_none_893961408605e985\COMCTL32.dll
0x77620000 - 0x776d1000 	C:\Windows\system32\msvcrt.dll
0x77800000 - 0x77834000 	C:\Windows\SYSTEM32\sechost.dll
0x77270000 - 0x77342000 	C:\Windows\system32\RPCRT4.dll
0x76890000 - 0x7699a000 	C:\Windows\system32\GDI32.dll
0x77840000 - 0x7786b000 	C:\Windows\system32\IMM32.DLL
0x77350000 - 0x7742d000 	C:\Windows\system32\MSCTF.dll
0x54ce0000 - 0x54d9d000 	C:\Java\jdk1.7.0_10\jre\bin\msvcr100.dll
0x50700000 - 0x50a4c000 	C:\Java\jdk1.7.0_10\jre\bin\client\jvm.dll
0x701d0000 - 0x701d8000 	C:\Windows\SYSTEM32\WSOCK32.dll
0x701a0000 - 0x701c1000 	C:\Windows\SYSTEM32\WINMM.dll
0x77430000 - 0x77436000 	C:\Windows\system32\PSAPI.DLL
0x77220000 - 0x77270000 	C:\Windows\system32\WS2_32.dll
0x70170000 - 0x7019a000 	C:\Windows\SYSTEM32\WINMMBASE.dll
0x76ba0000 - 0x76ba8000 	C:\Windows\system32\NSI.dll
0x6afa0000 - 0x6afac000 	C:\Java\jdk1.7.0_10\jre\bin\verify.dll
0x6af80000 - 0x6afa0000 	C:\Java\jdk1.7.0_10\jre\bin\java.dll
0x6b820000 - 0x6b84a000 	C:\Java\jdk1.7.0_10\jre\bin\jdwp.dll
0x64cb0000 - 0x64cb7000 	C:\Java\jdk1.7.0_10\jre\bin\npt.dll
0x61270000 - 0x61283000 	C:\Java\jdk1.7.0_10\jre\bin\zip.dll
0x64ca0000 - 0x64ca8000 	C:\Java\jdk1.7.0_10\jre\bin\dt_socket.dll
0x6eb30000 - 0x6eb40000 	C:\Windows\system32\napinsp.dll
0x6eb10000 - 0x6eb24000 	C:\Windows\system32\pnrpnsp.dll
0x72b30000 - 0x72b40000 	C:\Windows\system32\NLAapi.dll
0x74b70000 - 0x74bba000 	C:\Windows\System32\mswsock.dll
0x74a00000 - 0x74a75000 	C:\Windows\SYSTEM32\DNSAPI.dll
0x6eb00000 - 0x6eb09000 	C:\Windows\System32\winrnr.dll
0x6ead0000 - 0x6eaf1000 	C:\Program Files\Bonjour\mdnsNSP.dll
0x72250000 - 0x72270000 	C:\Windows\SYSTEM32\Iphlpapi.DLL
0x72230000 - 0x72238000 	C:\Windows\SYSTEM32\WINNSI.DLL
0x71d40000 - 0x71d7f000 	C:\Windows\System32\fwpuclnt.dll
0x6eac0000 - 0x6eac7000 	C:\Windows\System32\rasadhlp.dll
0x539c0000 - 0x53b02000 	C:\Java\jdk1.7.0_10\jre\bin\awt.dll
0x77770000 - 0x777fb000 	C:\Windows\system32\OLEAUT32.dll
0x76c90000 - 0x76dc6000 	C:\Windows\system32\combase.dll
0x73e40000 - 0x73e59000 	C:\Windows\system32\DWMAPI.DLL
0x743c0000 - 0x74467000 	C:\Windows\system32\uxtheme.dll
0x77500000 - 0x77619000 	C:\Windows\system32\ole32.dll
0x75070000 - 0x75079000 	C:\Windows\SYSTEM32\CRYPTBASE.dll
0x75010000 - 0x75061000 	C:\Windows\SYSTEM32\bcryptPrimitives.dll
0x756a0000 - 0x76766000 	C:\Windows\system32\SHELL32.dll
0x769a0000 - 0x769e0000 	C:\Windows\system32\SHLWAPI.dll
0x75620000 - 0x75695000 	C:\Windows\SYSTEM32\shcore.dll
0x612e0000 - 0x6130a000 	C:\Java\jdk1.7.0_10\jre\bin\fontmanager.dll
0x71ac0000 - 0x71ad4000 	C:\Java\jdk1.7.0_10\jre\bin\net.dll
0x72e10000 - 0x72e1f000 	C:\Java\jdk1.7.0_10\jre\bin\nio.dll
0x5af70000 - 0x5afa1000 	C:\Java\jdk1.7.0_10\jre\bin\t2k.dll
0x76bb0000 - 0x76c24000 	C:\Windows\SYSTEM32\clbcatq.dll
0x72bc0000 - 0x72d0b000 	C:\Windows\SYSTEM32\WindowsCodecs.dll
0x751e0000 - 0x751f1000 	C:\Windows\SYSTEM32\profapi.dll
0x6b530000 - 0x6b659000 	C:\Windows\SYSTEM32\dbghelp.dll

VM Arguments:
jvm_args: -agentlib:jdwp=transport=dt_socket,suspend=y,address=localhost:19405 -Dfile.encoding=Cp1252 
java_command: lige.grupo03.pr4.Main
Launcher Type: SUN_STANDARD

Environment Variables:
JAVA_HOME=C:\Java\jdk1.7.0_10;
JRE_HOME=C:\Java\jdk1.7.0_10\jre
CLASSPATH=.;C:\Program Files\Java\jre7\lib\ext\QTJava.zip
PATH=C:/Java/jdk1.7.0_10/jre/bin/client;C:/Java/jdk1.7.0_10/jre/bin;C:/Java/jdk1.7.0_10/jre/lib/i386;C:\app\IsmaelLeonidas\product\11.2.0\dbhome_1\bin;C:\Java\jdk1.7.0_10;\bin;C:\Java\jdk1.7.0_10\jre\bin;C:\Windows\system32;C:\Windows;C:\Windows\System32\Wbem;C:\Windows\System32\WindowsPowerShell\v1.0\;C:\Program Files\Microsoft\Web Platform Installer\;C:\Program Files\Microsoft ASP.NET\ASP.NET Web Pages\v1.0\;C:\Program Files\Windows Kits\8.0\Windows Performance Toolkit\;C:\Program Files\Microsoft SQL Server\110\Tools\Binn\;C:\Program Files\Rational\common;C:\Tomcat-7034\bin;C:\Program Files\QuickTime\QTSystem\;C:\Program Files\VisualSVN\bin;C:\Program Files\TortoiseSVN\bin;C:\Program Files\Windows Live\Shared;C:\Program Files\CVSNT\;C:\Eclipse;
USERNAME=IsmaelLeonidas
OS=Windows_NT
PROCESSOR_IDENTIFIER=x86 Family 6 Model 15 Stepping 13, GenuineIntel



---------------  S Y S T E M  ---------------

OS: Windows 8 Build 9200 

CPU:total 2 (2 cores per cpu, 1 threads per core) family 6 model 15 stepping 13, cmov, cx8, fxsr, mmx, sse, sse2, sse3, ssse3, tsc

Memory: 4k page, physical 3105388k(879224k free), swap 7718572k(1548720k free)

vm_info: Java HotSpot(TM) Client VM (23.6-b04) for windows-x86 JRE (1.7.0_10-b18), built on Nov 28 2012 08:34:29 by "java_re" with unknown MS VC++:1600

time: Thu May 09 02:38:14 2013
elapsed time: 139 seconds

